2025-06-15 12:28:02 [main] INFO  o.e.c.CourseSystemApplication - Starting CourseSystemApplication using Java 17.0.1 with PID 18016 (F:\StudyDate\JavaEEData\practice\CourseSystem\CourseSystem\target\classes started by Xj02 in F:\StudyDate\JavaEEData\practice\CourseSystem\CourseSystem)
2025-06-15 12:28:02 [main] INFO  o.e.c.CourseSystemApplication - No active profile set, falling back to 1 default profile: "default"
2025-06-15 12:28:03 [main] INFO  o.s.d.r.c.RepositoryConfigurationDelegate - Multiple Spring Data modules found, entering strict repository configuration mode
2025-06-15 12:28:03 [main] INFO  o.s.d.r.c.RepositoryConfigurationDelegate - Bootstrapping Spring Data Redis repositories in DEFAULT mode.
2025-06-15 12:28:03 [main] INFO  o.s.d.r.c.RepositoryConfigurationDelegate - Finished Spring Data repository scanning in 21 ms. Found 0 Redis repository interfaces.
2025-06-15 12:28:04 [main] INFO  o.s.b.w.e.tomcat.TomcatWebServer - Tomcat initialized with port 8080 (http)
2025-06-15 12:28:04 [main] INFO  o.a.catalina.core.StandardService - Starting service [Tomcat]
2025-06-15 12:28:04 [main] INFO  o.a.catalina.core.StandardEngine - Starting Servlet engine: [Apache Tomcat/10.1.41]
2025-06-15 12:28:04 [main] INFO  o.a.c.c.C.[Tomcat].[localhost].[/] - Initializing Spring embedded WebApplicationContext
2025-06-15 12:28:04 [main] INFO  o.s.b.w.s.c.ServletWebServerApplicationContext - Root WebApplicationContext: initialization completed in 1603 ms
2025-06-15 12:28:04 [main] INFO  com.zaxxer.hikari.HikariDataSource - HikariPool-1 - Starting...
2025-06-15 12:28:04 [main] INFO  com.zaxxer.hikari.pool.HikariPool - HikariPool-1 - Added connection com.mysql.cj.jdbc.ConnectionImpl@2c0798bd
2025-06-15 12:28:04 [main] INFO  com.zaxxer.hikari.HikariDataSource - HikariPool-1 - Start completed.
2025-06-15 12:28:05 [main] INFO  o.s.s.c.a.a.c.InitializeAuthenticationProviderBeanManagerConfigurer$InitializeAuthenticationProviderManagerConfigurer - Global AuthenticationManager configured with AuthenticationProvider bean with name authenticationProvider
2025-06-15 12:28:05 [main] WARN  o.s.s.c.a.a.c.InitializeUserDetailsBeanManagerConfigurer$InitializeUserDetailsManagerConfigurer - Global AuthenticationManager configured with an AuthenticationProvider bean. UserDetailsService beans will not be used by Spring Security for automatically configuring username/password login. Consider removing the AuthenticationProvider bean. Alternatively, consider using the UserDetailsService in a manually instantiated DaoAuthenticationProvider. If the current configuration is intentional, to turn off this warning, increase the logging level of 'org.springframework.security.config.annotation.authentication.configuration.InitializeUserDetailsBeanManagerConfigurer' to ERROR
2025-06-15 12:28:05 [main] DEBUG o.s.s.web.DefaultSecurityFilterChain - Will secure any request with filters: DisableEncodeUrlFilter, WebAsyncManagerIntegrationFilter, SecurityContextHolderFilter, HeaderWriterFilter, LogoutFilter, UsernamePasswordAuthenticationFilter, ConcurrentSessionFilter, RequestCacheAwareFilter, SecurityContextHolderAwareRequestFilter, AnonymousAuthenticationFilter, SessionManagementFilter, ExceptionTranslationFilter, AuthorizationFilter
2025-06-15 12:28:06 [main] INFO  o.s.b.w.e.tomcat.TomcatWebServer - Tomcat started on port 8080 (http) with context path '/'
2025-06-15 12:28:06 [main] INFO  o.e.c.CourseSystemApplication - Started CourseSystemApplication in 3.967 seconds (process running for 4.35)
2025-06-15 12:28:32 [http-nio-8080-exec-1] INFO  o.a.c.c.C.[Tomcat].[localhost].[/] - Initializing Spring DispatcherServlet 'dispatcherServlet'
2025-06-15 12:28:32 [http-nio-8080-exec-1] INFO  o.s.web.servlet.DispatcherServlet - Initializing Servlet 'dispatcherServlet'
2025-06-15 12:28:32 [http-nio-8080-exec-1] INFO  o.s.web.servlet.DispatcherServlet - Completed initialization in 3 ms
2025-06-15 12:28:32 [http-nio-8080-exec-1] DEBUG o.s.security.web.FilterChainProxy - Securing GET /
2025-06-15 12:28:32 [http-nio-8080-exec-1] DEBUG o.s.s.w.a.AnonymousAuthenticationFilter - Set SecurityContextHolder to anonymous SecurityContext
2025-06-15 12:28:32 [http-nio-8080-exec-1] DEBUG o.s.security.web.FilterChainProxy - Secured GET /
2025-06-15 12:28:32 [http-nio-8080-exec-5] DEBUG o.s.security.web.FilterChainProxy - Securing GET /login
2025-06-15 12:28:32 [http-nio-8080-exec-5] DEBUG o.s.s.w.a.AnonymousAuthenticationFilter - Set SecurityContextHolder to anonymous SecurityContext
2025-06-15 12:28:32 [http-nio-8080-exec-5] DEBUG o.s.security.web.FilterChainProxy - Secured GET /login
2025-06-15 12:28:34 [http-nio-8080-exec-6] DEBUG o.s.security.web.FilterChainProxy - Securing GET /favicon.ico
2025-06-15 12:28:34 [http-nio-8080-exec-6] DEBUG o.s.s.w.a.AnonymousAuthenticationFilter - Set SecurityContextHolder to anonymous SecurityContext
2025-06-15 12:28:34 [http-nio-8080-exec-6] DEBUG o.s.security.web.FilterChainProxy - Secured GET /favicon.ico
2025-06-15 12:28:34 [http-nio-8080-exec-6] DEBUG o.s.security.web.FilterChainProxy - Securing GET /error
2025-06-15 12:28:34 [http-nio-8080-exec-6] DEBUG o.s.s.w.a.AnonymousAuthenticationFilter - Set SecurityContextHolder to anonymous SecurityContext
2025-06-15 12:28:34 [http-nio-8080-exec-6] DEBUG o.s.s.w.s.HttpSessionRequestCache - Saved request http://localhost:8080/error?continue to session
2025-06-15 12:28:34 [http-nio-8080-exec-6] DEBUG o.s.s.web.DefaultRedirectStrategy - Redirecting to http://localhost:8080/login
2025-06-15 12:28:34 [http-nio-8080-exec-2] DEBUG o.s.security.web.FilterChainProxy - Securing GET /login
2025-06-15 12:28:34 [http-nio-8080-exec-2] DEBUG o.s.s.w.a.AnonymousAuthenticationFilter - Set SecurityContextHolder to anonymous SecurityContext
2025-06-15 12:28:34 [http-nio-8080-exec-2] DEBUG o.s.security.web.FilterChainProxy - Secured GET /login
2025-06-15 12:28:40 [http-nio-8080-exec-7] DEBUG o.s.security.web.FilterChainProxy - Securing POST /login
2025-06-15 12:28:40 [http-nio-8080-exec-7] DEBUG o.s.s.a.d.DaoAuthenticationProvider - Authenticated user
2025-06-15 12:28:40 [http-nio-8080-exec-7] DEBUG o.s.s.w.a.s.ChangeSessionIdAuthenticationStrategy - Changed session id from 75BC04A80A0DCAFF6D57FB10FD6A78E7
2025-06-15 12:28:40 [http-nio-8080-exec-7] DEBUG o.s.s.c.session.SessionRegistryImpl - Registering session 419ECDBF4B47DB90A71C968EBF89FAA6, for principal org.example.coursesystem.security.CustomUserDetails@46fa9526
2025-06-15 12:28:40 [http-nio-8080-exec-7] DEBUG o.s.s.w.c.HttpSessionSecurityContextRepository - Stored SecurityContextImpl [Authentication=UsernamePasswordAuthenticationToken [Principal=org.example.coursesystem.security.CustomUserDetails@46fa9526, Credentials=[PROTECTED], Authenticated=true, Details=WebAuthenticationDetails [RemoteIpAddress=0:0:0:0:0:0:0:1, SessionId=75BC04A80A0DCAFF6D57FB10FD6A78E7], Granted Authorities=[ROLE_ADMIN]]] to HttpSession [org.apache.catalina.session.StandardSessionFacade@6c4097aa]
2025-06-15 12:28:40 [http-nio-8080-exec-7] DEBUG o.s.s.w.a.UsernamePasswordAuthenticationFilter - Set SecurityContextHolder to UsernamePasswordAuthenticationToken [Principal=org.example.coursesystem.security.CustomUserDetails@46fa9526, Credentials=[PROTECTED], Authenticated=true, Details=WebAuthenticationDetails [RemoteIpAddress=0:0:0:0:0:0:0:1, SessionId=75BC04A80A0DCAFF6D57FB10FD6A78E7], Granted Authorities=[ROLE_ADMIN]]
2025-06-15 12:28:40 [http-nio-8080-exec-8] DEBUG o.s.security.web.FilterChainProxy - Securing GET /admin/dashboard
2025-06-15 12:28:40 [http-nio-8080-exec-8] DEBUG o.s.s.w.c.HttpSessionSecurityContextRepository - Retrieved SecurityContextImpl [Authentication=UsernamePasswordAuthenticationToken [Principal=org.example.coursesystem.security.CustomUserDetails@46fa9526, Credentials=[PROTECTED], Authenticated=true, Details=WebAuthenticationDetails [RemoteIpAddress=0:0:0:0:0:0:0:1, SessionId=75BC04A80A0DCAFF6D57FB10FD6A78E7], Granted Authorities=[ROLE_ADMIN]]]
2025-06-15 12:28:40 [http-nio-8080-exec-8] DEBUG o.s.security.web.FilterChainProxy - Secured GET /admin/dashboard
2025-06-15 12:28:40 [http-nio-8080-exec-3] DEBUG o.s.security.web.FilterChainProxy - Securing GET /favicon.ico
2025-06-15 12:28:40 [http-nio-8080-exec-3] DEBUG o.s.security.web.FilterChainProxy - Secured GET /favicon.ico
2025-06-15 12:28:40 [http-nio-8080-exec-3] DEBUG o.s.s.w.c.HttpSessionSecurityContextRepository - Retrieved SecurityContextImpl [Authentication=UsernamePasswordAuthenticationToken [Principal=org.example.coursesystem.security.CustomUserDetails@46fa9526, Credentials=[PROTECTED], Authenticated=true, Details=WebAuthenticationDetails [RemoteIpAddress=0:0:0:0:0:0:0:1, SessionId=75BC04A80A0DCAFF6D57FB10FD6A78E7], Granted Authorities=[ROLE_ADMIN]]]
2025-06-15 12:28:40 [http-nio-8080-exec-3] DEBUG o.s.security.web.FilterChainProxy - Securing GET /error
2025-06-15 12:28:40 [http-nio-8080-exec-3] DEBUG o.s.s.w.c.HttpSessionSecurityContextRepository - Retrieved SecurityContextImpl [Authentication=UsernamePasswordAuthenticationToken [Principal=org.example.coursesystem.security.CustomUserDetails@46fa9526, Credentials=[PROTECTED], Authenticated=true, Details=WebAuthenticationDetails [RemoteIpAddress=0:0:0:0:0:0:0:1, SessionId=75BC04A80A0DCAFF6D57FB10FD6A78E7], Granted Authorities=[ROLE_ADMIN]]]
2025-06-15 12:28:40 [http-nio-8080-exec-3] DEBUG o.s.security.web.FilterChainProxy - Secured GET /error
2025-06-15 12:28:41 [http-nio-8080-exec-4] DEBUG o.s.security.web.FilterChainProxy - Securing GET /admin/students
2025-06-15 12:28:41 [http-nio-8080-exec-4] DEBUG o.s.s.w.c.HttpSessionSecurityContextRepository - Retrieved SecurityContextImpl [Authentication=UsernamePasswordAuthenticationToken [Principal=org.example.coursesystem.security.CustomUserDetails@46fa9526, Credentials=[PROTECTED], Authenticated=true, Details=WebAuthenticationDetails [RemoteIpAddress=0:0:0:0:0:0:0:1, SessionId=75BC04A80A0DCAFF6D57FB10FD6A78E7], Granted Authorities=[ROLE_ADMIN]]]
2025-06-15 12:28:41 [http-nio-8080-exec-4] DEBUG o.s.security.web.FilterChainProxy - Secured GET /admin/students
2025-06-15 12:28:41 [http-nio-8080-exec-4] DEBUG o.s.s.a.m.AuthorizationManagerBeforeMethodInterceptor - Authorizing method invocation ReflectiveMethodInvocation: public java.lang.String org.example.coursesystem.controller.StudentController.index(org.springframework.ui.Model,java.lang.String,java.lang.String,java.lang.Integer,java.lang.String); target is of class [org.example.coursesystem.controller.StudentController]
2025-06-15 12:28:41 [http-nio-8080-exec-4] DEBUG o.s.s.a.m.AuthorizationManagerBeforeMethodInterceptor - Authorized method invocation ReflectiveMethodInvocation: public java.lang.String org.example.coursesystem.controller.StudentController.index(org.springframework.ui.Model,java.lang.String,java.lang.String,java.lang.Integer,java.lang.String); target is of class [org.example.coursesystem.controller.StudentController]
2025-06-15 12:28:46 [http-nio-8080-exec-9] DEBUG o.s.security.web.FilterChainProxy - Securing GET /admin/courses
2025-06-15 12:28:46 [http-nio-8080-exec-9] DEBUG o.s.s.w.c.HttpSessionSecurityContextRepository - Retrieved SecurityContextImpl [Authentication=UsernamePasswordAuthenticationToken [Principal=org.example.coursesystem.security.CustomUserDetails@46fa9526, Credentials=[PROTECTED], Authenticated=true, Details=WebAuthenticationDetails [RemoteIpAddress=0:0:0:0:0:0:0:1, SessionId=75BC04A80A0DCAFF6D57FB10FD6A78E7], Granted Authorities=[ROLE_ADMIN]]]
2025-06-15 12:28:46 [http-nio-8080-exec-9] DEBUG o.s.security.web.FilterChainProxy - Secured GET /admin/courses
2025-06-15 12:28:46 [http-nio-8080-exec-9] DEBUG o.s.s.a.m.AuthorizationManagerBeforeMethodInterceptor - Authorizing method invocation ReflectiveMethodInvocation: public java.lang.String org.example.coursesystem.controller.CourseController.index(org.springframework.ui.Model,java.lang.String,java.lang.String,java.lang.String,java.lang.String); target is of class [org.example.coursesystem.controller.CourseController]
2025-06-15 12:28:46 [http-nio-8080-exec-9] DEBUG o.s.s.a.m.AuthorizationManagerBeforeMethodInterceptor - Authorized method invocation ReflectiveMethodInvocation: public java.lang.String org.example.coursesystem.controller.CourseController.index(org.springframework.ui.Model,java.lang.String,java.lang.String,java.lang.String,java.lang.String); target is of class [org.example.coursesystem.controller.CourseController]
2025-06-15 12:28:51 [http-nio-8080-exec-10] DEBUG o.s.security.web.FilterChainProxy - Securing GET /admin/course-selections
2025-06-15 12:28:51 [http-nio-8080-exec-10] DEBUG o.s.s.w.c.HttpSessionSecurityContextRepository - Retrieved SecurityContextImpl [Authentication=UsernamePasswordAuthenticationToken [Principal=org.example.coursesystem.security.CustomUserDetails@46fa9526, Credentials=[PROTECTED], Authenticated=true, Details=WebAuthenticationDetails [RemoteIpAddress=0:0:0:0:0:0:0:1, SessionId=75BC04A80A0DCAFF6D57FB10FD6A78E7], Granted Authorities=[ROLE_ADMIN]]]
2025-06-15 12:28:51 [http-nio-8080-exec-10] DEBUG o.s.security.web.FilterChainProxy - Secured GET /admin/course-selections
2025-06-15 12:28:51 [http-nio-8080-exec-10] DEBUG o.s.s.a.m.AuthorizationManagerBeforeMethodInterceptor - Authorizing method invocation ReflectiveMethodInvocation: public java.lang.String org.example.coursesystem.controller.CourseSelectionController.adminIndex(org.springframework.ui.Model,java.lang.Long,java.lang.Long,java.lang.Long,java.lang.String); target is of class [org.example.coursesystem.controller.CourseSelectionController]
2025-06-15 12:28:51 [http-nio-8080-exec-10] DEBUG o.s.s.a.m.AuthorizationManagerBeforeMethodInterceptor - Authorized method invocation ReflectiveMethodInvocation: public java.lang.String org.example.coursesystem.controller.CourseSelectionController.adminIndex(org.springframework.ui.Model,java.lang.Long,java.lang.Long,java.lang.Long,java.lang.String); target is of class [org.example.coursesystem.controller.CourseSelectionController]
2025-06-15 12:28:59 [http-nio-8080-exec-1] DEBUG o.s.security.web.FilterChainProxy - Securing GET /logout
2025-06-15 12:28:59 [http-nio-8080-exec-1] DEBUG o.s.s.w.c.HttpSessionSecurityContextRepository - Retrieved SecurityContextImpl [Authentication=UsernamePasswordAuthenticationToken [Principal=org.example.coursesystem.security.CustomUserDetails@46fa9526, Credentials=[PROTECTED], Authenticated=true, Details=WebAuthenticationDetails [RemoteIpAddress=0:0:0:0:0:0:0:1, SessionId=75BC04A80A0DCAFF6D57FB10FD6A78E7], Granted Authorities=[ROLE_ADMIN]]]
2025-06-15 12:28:59 [http-nio-8080-exec-1] DEBUG o.s.s.w.a.logout.LogoutFilter - Logging out [UsernamePasswordAuthenticationToken [Principal=org.example.coursesystem.security.CustomUserDetails@46fa9526, Credentials=[PROTECTED], Authenticated=true, Details=WebAuthenticationDetails [RemoteIpAddress=0:0:0:0:0:0:0:1, SessionId=75BC04A80A0DCAFF6D57FB10FD6A78E7], Granted Authorities=[ROLE_ADMIN]]]
2025-06-15 12:28:59 [http-nio-8080-exec-1] DEBUG o.s.s.w.a.l.SecurityContextLogoutHandler - Invalidated session 419ECDBF4B47DB90A71C968EBF89FAA6
2025-06-15 12:28:59 [http-nio-8080-exec-1] DEBUG o.s.s.web.DefaultRedirectStrategy - Redirecting to /login?logout
2025-06-15 12:28:59 [http-nio-8080-exec-5] DEBUG o.s.security.web.FilterChainProxy - Securing GET /login?logout
2025-06-15 12:28:59 [http-nio-8080-exec-5] DEBUG o.s.s.w.a.AnonymousAuthenticationFilter - Set SecurityContextHolder to anonymous SecurityContext
2025-06-15 12:28:59 [http-nio-8080-exec-5] DEBUG o.s.security.web.FilterChainProxy - Secured GET /login?logout
2025-06-15 12:29:15 [http-nio-8080-exec-6] DEBUG o.s.security.web.FilterChainProxy - Securing POST /login
2025-06-15 12:29:15 [http-nio-8080-exec-6] DEBUG o.s.s.a.d.DaoAuthenticationProvider - Authenticated user
2025-06-15 12:29:15 [http-nio-8080-exec-6] DEBUG o.s.s.w.a.s.ChangeSessionIdAuthenticationStrategy - Changed session id from 90CF8EF0B4D66A75CF384A6DDFC10352
2025-06-15 12:29:15 [http-nio-8080-exec-6] DEBUG o.s.s.c.session.SessionRegistryImpl - Registering session A16A6881FA2BCA983CA62ACC5CA49514, for principal org.example.coursesystem.security.CustomUserDetails@6f6eda97
2025-06-15 12:29:15 [http-nio-8080-exec-6] DEBUG o.s.s.w.c.HttpSessionSecurityContextRepository - Stored SecurityContextImpl [Authentication=UsernamePasswordAuthenticationToken [Principal=org.example.coursesystem.security.CustomUserDetails@6f6eda97, Credentials=[PROTECTED], Authenticated=true, Details=WebAuthenticationDetails [RemoteIpAddress=0:0:0:0:0:0:0:1, SessionId=90CF8EF0B4D66A75CF384A6DDFC10352], Granted Authorities=[ROLE_STUDENT]]] to HttpSession [org.apache.catalina.session.StandardSessionFacade@7f5e75d2]
2025-06-15 12:29:15 [http-nio-8080-exec-6] DEBUG o.s.s.w.a.UsernamePasswordAuthenticationFilter - Set SecurityContextHolder to UsernamePasswordAuthenticationToken [Principal=org.example.coursesystem.security.CustomUserDetails@6f6eda97, Credentials=[PROTECTED], Authenticated=true, Details=WebAuthenticationDetails [RemoteIpAddress=0:0:0:0:0:0:0:1, SessionId=90CF8EF0B4D66A75CF384A6DDFC10352], Granted Authorities=[ROLE_STUDENT]]
2025-06-15 12:29:15 [http-nio-8080-exec-2] DEBUG o.s.security.web.FilterChainProxy - Securing GET /student/dashboard
2025-06-15 12:29:15 [http-nio-8080-exec-2] DEBUG o.s.s.w.c.HttpSessionSecurityContextRepository - Retrieved SecurityContextImpl [Authentication=UsernamePasswordAuthenticationToken [Principal=org.example.coursesystem.security.CustomUserDetails@6f6eda97, Credentials=[PROTECTED], Authenticated=true, Details=WebAuthenticationDetails [RemoteIpAddress=0:0:0:0:0:0:0:1, SessionId=90CF8EF0B4D66A75CF384A6DDFC10352], Granted Authorities=[ROLE_STUDENT]]]
2025-06-15 12:29:15 [http-nio-8080-exec-2] DEBUG o.s.security.web.FilterChainProxy - Secured GET /student/dashboard
2025-06-15 12:29:18 [http-nio-8080-exec-7] DEBUG o.s.security.web.FilterChainProxy - Securing GET /student/course-selection
2025-06-15 12:29:18 [http-nio-8080-exec-7] DEBUG o.s.s.w.c.HttpSessionSecurityContextRepository - Retrieved SecurityContextImpl [Authentication=UsernamePasswordAuthenticationToken [Principal=org.example.coursesystem.security.CustomUserDetails@6f6eda97, Credentials=[PROTECTED], Authenticated=true, Details=WebAuthenticationDetails [RemoteIpAddress=0:0:0:0:0:0:0:1, SessionId=90CF8EF0B4D66A75CF384A6DDFC10352], Granted Authorities=[ROLE_STUDENT]]]
2025-06-15 12:29:18 [http-nio-8080-exec-7] DEBUG o.s.security.web.FilterChainProxy - Secured GET /student/course-selection
2025-06-15 12:29:18 [http-nio-8080-exec-7] DEBUG o.s.s.a.m.AuthorizationManagerBeforeMethodInterceptor - Authorizing method invocation ReflectiveMethodInvocation: public java.lang.String org.example.coursesystem.controller.CourseSelectionController.studentCourseSelection(org.springframework.ui.Model,org.springframework.security.core.Authentication); target is of class [org.example.coursesystem.controller.CourseSelectionController]
2025-06-15 12:29:18 [http-nio-8080-exec-7] DEBUG o.s.s.a.m.AuthorizationManagerBeforeMethodInterceptor - Authorized method invocation ReflectiveMethodInvocation: public java.lang.String org.example.coursesystem.controller.CourseSelectionController.studentCourseSelection(org.springframework.ui.Model,org.springframework.security.core.Authentication); target is of class [org.example.coursesystem.controller.CourseSelectionController]
2025-06-15 12:29:25 [http-nio-8080-exec-8] DEBUG o.s.security.web.FilterChainProxy - Securing POST /student/course-selection/select
2025-06-15 12:29:25 [http-nio-8080-exec-8] DEBUG o.s.s.w.c.HttpSessionSecurityContextRepository - Retrieved SecurityContextImpl [Authentication=UsernamePasswordAuthenticationToken [Principal=org.example.coursesystem.security.CustomUserDetails@6f6eda97, Credentials=[PROTECTED], Authenticated=true, Details=WebAuthenticationDetails [RemoteIpAddress=0:0:0:0:0:0:0:1, SessionId=90CF8EF0B4D66A75CF384A6DDFC10352], Granted Authorities=[ROLE_STUDENT]]]
2025-06-15 12:29:25 [http-nio-8080-exec-8] DEBUG o.s.security.web.FilterChainProxy - Secured POST /student/course-selection/select
2025-06-15 12:29:25 [http-nio-8080-exec-8] DEBUG o.s.s.a.m.AuthorizationManagerBeforeMethodInterceptor - Authorizing method invocation ReflectiveMethodInvocation: public org.springframework.http.ResponseEntity org.example.coursesystem.controller.CourseSelectionController.selectCourse(java.lang.Long,org.springframework.security.core.Authentication); target is of class [org.example.coursesystem.controller.CourseSelectionController]
2025-06-15 12:29:25 [http-nio-8080-exec-8] DEBUG o.s.s.a.m.AuthorizationManagerBeforeMethodInterceptor - Authorized method invocation ReflectiveMethodInvocation: public org.springframework.http.ResponseEntity org.example.coursesystem.controller.CourseSelectionController.selectCourse(java.lang.Long,org.springframework.security.core.Authentication); target is of class [org.example.coursesystem.controller.CourseSelectionController]
2025-06-15 12:29:26 [http-nio-8080-exec-3] DEBUG o.s.security.web.FilterChainProxy - Securing GET /student/course-selection
2025-06-15 12:29:26 [http-nio-8080-exec-3] DEBUG o.s.s.w.c.HttpSessionSecurityContextRepository - Retrieved SecurityContextImpl [Authentication=UsernamePasswordAuthenticationToken [Principal=org.example.coursesystem.security.CustomUserDetails@6f6eda97, Credentials=[PROTECTED], Authenticated=true, Details=WebAuthenticationDetails [RemoteIpAddress=0:0:0:0:0:0:0:1, SessionId=90CF8EF0B4D66A75CF384A6DDFC10352], Granted Authorities=[ROLE_STUDENT]]]
2025-06-15 12:29:26 [http-nio-8080-exec-3] DEBUG o.s.security.web.FilterChainProxy - Secured GET /student/course-selection
2025-06-15 12:29:26 [http-nio-8080-exec-3] DEBUG o.s.s.a.m.AuthorizationManagerBeforeMethodInterceptor - Authorizing method invocation ReflectiveMethodInvocation: public java.lang.String org.example.coursesystem.controller.CourseSelectionController.studentCourseSelection(org.springframework.ui.Model,org.springframework.security.core.Authentication); target is of class [org.example.coursesystem.controller.CourseSelectionController]
2025-06-15 12:29:26 [http-nio-8080-exec-3] DEBUG o.s.s.a.m.AuthorizationManagerBeforeMethodInterceptor - Authorized method invocation ReflectiveMethodInvocation: public java.lang.String org.example.coursesystem.controller.CourseSelectionController.studentCourseSelection(org.springframework.ui.Model,org.springframework.security.core.Authentication); target is of class [org.example.coursesystem.controller.CourseSelectionController]
2025-06-15 12:29:28 [http-nio-8080-exec-4] DEBUG o.s.security.web.FilterChainProxy - Securing POST /student/course-selection/select
2025-06-15 12:29:28 [http-nio-8080-exec-4] DEBUG o.s.s.w.c.HttpSessionSecurityContextRepository - Retrieved SecurityContextImpl [Authentication=UsernamePasswordAuthenticationToken [Principal=org.example.coursesystem.security.CustomUserDetails@6f6eda97, Credentials=[PROTECTED], Authenticated=true, Details=WebAuthenticationDetails [RemoteIpAddress=0:0:0:0:0:0:0:1, SessionId=90CF8EF0B4D66A75CF384A6DDFC10352], Granted Authorities=[ROLE_STUDENT]]]
2025-06-15 12:29:28 [http-nio-8080-exec-4] DEBUG o.s.security.web.FilterChainProxy - Secured POST /student/course-selection/select
2025-06-15 12:29:28 [http-nio-8080-exec-4] DEBUG o.s.s.a.m.AuthorizationManagerBeforeMethodInterceptor - Authorizing method invocation ReflectiveMethodInvocation: public org.springframework.http.ResponseEntity org.example.coursesystem.controller.CourseSelectionController.selectCourse(java.lang.Long,org.springframework.security.core.Authentication); target is of class [org.example.coursesystem.controller.CourseSelectionController]
2025-06-15 12:29:28 [http-nio-8080-exec-4] DEBUG o.s.s.a.m.AuthorizationManagerBeforeMethodInterceptor - Authorized method invocation ReflectiveMethodInvocation: public org.springframework.http.ResponseEntity org.example.coursesystem.controller.CourseSelectionController.selectCourse(java.lang.Long,org.springframework.security.core.Authentication); target is of class [org.example.coursesystem.controller.CourseSelectionController]
2025-06-15 12:29:29 [http-nio-8080-exec-9] DEBUG o.s.security.web.FilterChainProxy - Securing GET /student/course-selection
2025-06-15 12:29:29 [http-nio-8080-exec-9] DEBUG o.s.s.w.c.HttpSessionSecurityContextRepository - Retrieved SecurityContextImpl [Authentication=UsernamePasswordAuthenticationToken [Principal=org.example.coursesystem.security.CustomUserDetails@6f6eda97, Credentials=[PROTECTED], Authenticated=true, Details=WebAuthenticationDetails [RemoteIpAddress=0:0:0:0:0:0:0:1, SessionId=90CF8EF0B4D66A75CF384A6DDFC10352], Granted Authorities=[ROLE_STUDENT]]]
2025-06-15 12:29:29 [http-nio-8080-exec-9] DEBUG o.s.security.web.FilterChainProxy - Secured GET /student/course-selection
2025-06-15 12:29:29 [http-nio-8080-exec-9] DEBUG o.s.s.a.m.AuthorizationManagerBeforeMethodInterceptor - Authorizing method invocation ReflectiveMethodInvocation: public java.lang.String org.example.coursesystem.controller.CourseSelectionController.studentCourseSelection(org.springframework.ui.Model,org.springframework.security.core.Authentication); target is of class [org.example.coursesystem.controller.CourseSelectionController]
2025-06-15 12:29:29 [http-nio-8080-exec-9] DEBUG o.s.s.a.m.AuthorizationManagerBeforeMethodInterceptor - Authorized method invocation ReflectiveMethodInvocation: public java.lang.String org.example.coursesystem.controller.CourseSelectionController.studentCourseSelection(org.springframework.ui.Model,org.springframework.security.core.Authentication); target is of class [org.example.coursesystem.controller.CourseSelectionController]
2025-06-15 12:29:33 [http-nio-8080-exec-5] DEBUG o.s.security.web.FilterChainProxy - Securing POST /student/course-selection/drop
2025-06-15 12:29:33 [http-nio-8080-exec-5] DEBUG o.s.s.w.c.HttpSessionSecurityContextRepository - Retrieved SecurityContextImpl [Authentication=UsernamePasswordAuthenticationToken [Principal=org.example.coursesystem.security.CustomUserDetails@6f6eda97, Credentials=[PROTECTED], Authenticated=true, Details=WebAuthenticationDetails [RemoteIpAddress=0:0:0:0:0:0:0:1, SessionId=90CF8EF0B4D66A75CF384A6DDFC10352], Granted Authorities=[ROLE_STUDENT]]]
2025-06-15 12:29:33 [http-nio-8080-exec-5] DEBUG o.s.security.web.FilterChainProxy - Secured POST /student/course-selection/drop
2025-06-15 12:29:33 [http-nio-8080-exec-5] DEBUG o.s.s.a.m.AuthorizationManagerBeforeMethodInterceptor - Authorizing method invocation ReflectiveMethodInvocation: public org.springframework.http.ResponseEntity org.example.coursesystem.controller.CourseSelectionController.dropCourse(java.lang.Long,org.springframework.security.core.Authentication); target is of class [org.example.coursesystem.controller.CourseSelectionController]
2025-06-15 12:29:33 [http-nio-8080-exec-5] DEBUG o.s.s.a.m.AuthorizationManagerBeforeMethodInterceptor - Authorized method invocation ReflectiveMethodInvocation: public org.springframework.http.ResponseEntity org.example.coursesystem.controller.CourseSelectionController.dropCourse(java.lang.Long,org.springframework.security.core.Authentication); target is of class [org.example.coursesystem.controller.CourseSelectionController]
2025-06-15 12:29:34 [http-nio-8080-exec-6] DEBUG o.s.security.web.FilterChainProxy - Securing GET /student/course-selection
2025-06-15 12:29:34 [http-nio-8080-exec-6] DEBUG o.s.s.w.c.HttpSessionSecurityContextRepository - Retrieved SecurityContextImpl [Authentication=UsernamePasswordAuthenticationToken [Principal=org.example.coursesystem.security.CustomUserDetails@6f6eda97, Credentials=[PROTECTED], Authenticated=true, Details=WebAuthenticationDetails [RemoteIpAddress=0:0:0:0:0:0:0:1, SessionId=90CF8EF0B4D66A75CF384A6DDFC10352], Granted Authorities=[ROLE_STUDENT]]]
2025-06-15 12:29:34 [http-nio-8080-exec-6] DEBUG o.s.security.web.FilterChainProxy - Secured GET /student/course-selection
2025-06-15 12:29:34 [http-nio-8080-exec-6] DEBUG o.s.s.a.m.AuthorizationManagerBeforeMethodInterceptor - Authorizing method invocation ReflectiveMethodInvocation: public java.lang.String org.example.coursesystem.controller.CourseSelectionController.studentCourseSelection(org.springframework.ui.Model,org.springframework.security.core.Authentication); target is of class [org.example.coursesystem.controller.CourseSelectionController]
2025-06-15 12:29:34 [http-nio-8080-exec-6] DEBUG o.s.s.a.m.AuthorizationManagerBeforeMethodInterceptor - Authorized method invocation ReflectiveMethodInvocation: public java.lang.String org.example.coursesystem.controller.CourseSelectionController.studentCourseSelection(org.springframework.ui.Model,org.springframework.security.core.Authentication); target is of class [org.example.coursesystem.controller.CourseSelectionController]
2025-06-15 12:29:40 [http-nio-8080-exec-2] DEBUG o.s.security.web.FilterChainProxy - Securing GET /logout
2025-06-15 12:29:40 [http-nio-8080-exec-2] DEBUG o.s.s.w.c.HttpSessionSecurityContextRepository - Retrieved SecurityContextImpl [Authentication=UsernamePasswordAuthenticationToken [Principal=org.example.coursesystem.security.CustomUserDetails@6f6eda97, Credentials=[PROTECTED], Authenticated=true, Details=WebAuthenticationDetails [RemoteIpAddress=0:0:0:0:0:0:0:1, SessionId=90CF8EF0B4D66A75CF384A6DDFC10352], Granted Authorities=[ROLE_STUDENT]]]
2025-06-15 12:29:40 [http-nio-8080-exec-2] DEBUG o.s.s.w.a.logout.LogoutFilter - Logging out [UsernamePasswordAuthenticationToken [Principal=org.example.coursesystem.security.CustomUserDetails@6f6eda97, Credentials=[PROTECTED], Authenticated=true, Details=WebAuthenticationDetails [RemoteIpAddress=0:0:0:0:0:0:0:1, SessionId=90CF8EF0B4D66A75CF384A6DDFC10352], Granted Authorities=[ROLE_STUDENT]]]
2025-06-15 12:29:40 [http-nio-8080-exec-2] DEBUG o.s.s.w.a.l.SecurityContextLogoutHandler - Invalidated session A16A6881FA2BCA983CA62ACC5CA49514
2025-06-15 12:29:40 [http-nio-8080-exec-2] DEBUG o.s.s.web.DefaultRedirectStrategy - Redirecting to /login?logout
2025-06-15 12:29:40 [http-nio-8080-exec-7] DEBUG o.s.security.web.FilterChainProxy - Securing GET /login?logout
2025-06-15 12:29:40 [http-nio-8080-exec-7] DEBUG o.s.s.w.a.AnonymousAuthenticationFilter - Set SecurityContextHolder to anonymous SecurityContext
2025-06-15 12:29:40 [http-nio-8080-exec-7] DEBUG o.s.security.web.FilterChainProxy - Secured GET /login?logout
2025-06-15 12:46:40 [SpringApplicationShutdownHook] INFO  o.s.b.w.e.tomcat.GracefulShutdown - Commencing graceful shutdown. Waiting for active requests to complete
2025-06-15 12:46:40 [tomcat-shutdown] INFO  o.s.b.w.e.tomcat.GracefulShutdown - Graceful shutdown complete
2025-06-15 12:46:40 [SpringApplicationShutdownHook] INFO  com.zaxxer.hikari.HikariDataSource - HikariPool-1 - Shutdown initiated...
2025-06-15 12:46:40 [SpringApplicationShutdownHook] INFO  com.zaxxer.hikari.HikariDataSource - HikariPool-1 - Shutdown completed.
2025-06-15 12:46:51 [main] INFO  o.e.c.CourseSystemApplication - Starting CourseSystemApplication using Java 17.0.1 with PID 28320 (F:\StudyDate\JavaEEData\practice\CourseSystem\CourseSystem\target\classes started by Xj02 in F:\StudyDate\JavaEEData\practice\CourseSystem\CourseSystem)
2025-06-15 12:46:51 [main] INFO  o.e.c.CourseSystemApplication - No active profile set, falling back to 1 default profile: "default"
2025-06-15 12:46:51 [main] INFO  o.s.d.r.c.RepositoryConfigurationDelegate - Multiple Spring Data modules found, entering strict repository configuration mode
2025-06-15 12:46:51 [main] INFO  o.s.d.r.c.RepositoryConfigurationDelegate - Bootstrapping Spring Data Redis repositories in DEFAULT mode.
2025-06-15 12:46:51 [main] INFO  o.s.d.r.c.RepositoryConfigurationDelegate - Finished Spring Data repository scanning in 12 ms. Found 0 Redis repository interfaces.
2025-06-15 12:46:52 [main] INFO  o.s.b.w.e.tomcat.TomcatWebServer - Tomcat initialized with port 8080 (http)
2025-06-15 12:46:52 [main] INFO  o.a.catalina.core.StandardService - Starting service [Tomcat]
2025-06-15 12:46:52 [main] INFO  o.a.catalina.core.StandardEngine - Starting Servlet engine: [Apache Tomcat/10.1.41]
2025-06-15 12:46:52 [main] INFO  o.a.c.c.C.[Tomcat].[localhost].[/] - Initializing Spring embedded WebApplicationContext
2025-06-15 12:46:52 [main] INFO  o.s.b.w.s.c.ServletWebServerApplicationContext - Root WebApplicationContext: initialization completed in 1352 ms
2025-06-15 12:46:52 [main] INFO  com.zaxxer.hikari.HikariDataSource - HikariPool-1 - Starting...
2025-06-15 12:46:53 [main] INFO  com.zaxxer.hikari.pool.HikariPool - HikariPool-1 - Added connection com.mysql.cj.jdbc.ConnectionImpl@77e9dca8
2025-06-15 12:46:53 [main] INFO  com.zaxxer.hikari.HikariDataSource - HikariPool-1 - Start completed.
2025-06-15 12:46:54 [main] INFO  o.s.s.c.a.a.c.InitializeAuthenticationProviderBeanManagerConfigurer$InitializeAuthenticationProviderManagerConfigurer - Global AuthenticationManager configured with AuthenticationProvider bean with name authenticationProvider
2025-06-15 12:46:54 [main] WARN  o.s.s.c.a.a.c.InitializeUserDetailsBeanManagerConfigurer$InitializeUserDetailsManagerConfigurer - Global AuthenticationManager configured with an AuthenticationProvider bean. UserDetailsService beans will not be used by Spring Security for automatically configuring username/password login. Consider removing the AuthenticationProvider bean. Alternatively, consider using the UserDetailsService in a manually instantiated DaoAuthenticationProvider. If the current configuration is intentional, to turn off this warning, increase the logging level of 'org.springframework.security.config.annotation.authentication.configuration.InitializeUserDetailsBeanManagerConfigurer' to ERROR
2025-06-15 12:46:54 [main] DEBUG o.s.s.web.DefaultSecurityFilterChain - Will secure any request with filters: DisableEncodeUrlFilter, WebAsyncManagerIntegrationFilter, SecurityContextHolderFilter, HeaderWriterFilter, LogoutFilter, UsernamePasswordAuthenticationFilter, ConcurrentSessionFilter, RequestCacheAwareFilter, SecurityContextHolderAwareRequestFilter, AnonymousAuthenticationFilter, SessionManagementFilter, ExceptionTranslationFilter, AuthorizationFilter
2025-06-15 12:46:54 [main] INFO  o.s.b.w.e.tomcat.TomcatWebServer - Tomcat started on port 8080 (http) with context path '/'
2025-06-15 12:46:54 [main] INFO  o.e.c.CourseSystemApplication - Started CourseSystemApplication in 3.919 seconds (process running for 4.19)
2025-06-15 12:47:20 [http-nio-8080-exec-1] INFO  o.a.c.c.C.[Tomcat].[localhost].[/] - Initializing Spring DispatcherServlet 'dispatcherServlet'
2025-06-15 12:47:20 [http-nio-8080-exec-1] INFO  o.s.web.servlet.DispatcherServlet - Initializing Servlet 'dispatcherServlet'
2025-06-15 12:47:20 [http-nio-8080-exec-1] INFO  o.s.web.servlet.DispatcherServlet - Completed initialization in 2 ms
2025-06-15 12:47:20 [http-nio-8080-exec-1] DEBUG o.s.security.web.FilterChainProxy - Securing GET /
2025-06-15 12:47:20 [http-nio-8080-exec-1] DEBUG o.s.s.w.a.AnonymousAuthenticationFilter - Set SecurityContextHolder to anonymous SecurityContext
2025-06-15 12:47:20 [http-nio-8080-exec-1] DEBUG o.s.s.w.s.SessionManagementFilter - Request requested invalid session id 88360EB61CC3CD5065BEE7C11532BD23
2025-06-15 12:47:20 [http-nio-8080-exec-1] DEBUG o.s.security.web.FilterChainProxy - Secured GET /
2025-06-15 12:47:20 [http-nio-8080-exec-2] DEBUG o.s.security.web.FilterChainProxy - Securing GET /login
2025-06-15 12:47:20 [http-nio-8080-exec-2] DEBUG o.s.s.w.a.AnonymousAuthenticationFilter - Set SecurityContextHolder to anonymous SecurityContext
2025-06-15 12:47:20 [http-nio-8080-exec-2] DEBUG o.s.s.w.s.SessionManagementFilter - Request requested invalid session id 88360EB61CC3CD5065BEE7C11532BD23
2025-06-15 12:47:20 [http-nio-8080-exec-2] DEBUG o.s.security.web.FilterChainProxy - Secured GET /login
2025-06-15 12:47:29 [http-nio-8080-exec-3] DEBUG o.s.security.web.FilterChainProxy - Securing POST /login
2025-06-15 12:47:30 [http-nio-8080-exec-3] DEBUG o.s.s.a.d.DaoAuthenticationProvider - Authenticated user
2025-06-15 12:47:30 [http-nio-8080-exec-3] DEBUG o.s.s.w.a.s.ChangeSessionIdAuthenticationStrategy - Changed session id from 98D7278C1AB08FC578549087A982BC03
2025-06-15 12:47:30 [http-nio-8080-exec-3] DEBUG o.s.s.c.session.SessionRegistryImpl - Registering session 0391FF96C317640BB583900B6182D53A, for principal org.example.coursesystem.security.CustomUserDetails@6a9f1849
2025-06-15 12:47:30 [http-nio-8080-exec-3] DEBUG o.s.s.w.c.HttpSessionSecurityContextRepository - Stored SecurityContextImpl [Authentication=UsernamePasswordAuthenticationToken [Principal=org.example.coursesystem.security.CustomUserDetails@6a9f1849, Credentials=[PROTECTED], Authenticated=true, Details=WebAuthenticationDetails [RemoteIpAddress=0:0:0:0:0:0:0:1, SessionId=98D7278C1AB08FC578549087A982BC03], Granted Authorities=[ROLE_ADMIN]]] to HttpSession [org.apache.catalina.session.StandardSessionFacade@4b0f6ac3]
2025-06-15 12:47:30 [http-nio-8080-exec-3] DEBUG o.s.s.w.a.UsernamePasswordAuthenticationFilter - Set SecurityContextHolder to UsernamePasswordAuthenticationToken [Principal=org.example.coursesystem.security.CustomUserDetails@6a9f1849, Credentials=[PROTECTED], Authenticated=true, Details=WebAuthenticationDetails [RemoteIpAddress=0:0:0:0:0:0:0:1, SessionId=98D7278C1AB08FC578549087A982BC03], Granted Authorities=[ROLE_ADMIN]]
2025-06-15 12:47:30 [http-nio-8080-exec-4] DEBUG o.s.security.web.FilterChainProxy - Securing GET /admin/dashboard
2025-06-15 12:47:30 [http-nio-8080-exec-4] DEBUG o.s.s.w.c.HttpSessionSecurityContextRepository - Retrieved SecurityContextImpl [Authentication=UsernamePasswordAuthenticationToken [Principal=org.example.coursesystem.security.CustomUserDetails@6a9f1849, Credentials=[PROTECTED], Authenticated=true, Details=WebAuthenticationDetails [RemoteIpAddress=0:0:0:0:0:0:0:1, SessionId=98D7278C1AB08FC578549087A982BC03], Granted Authorities=[ROLE_ADMIN]]]
2025-06-15 12:47:30 [http-nio-8080-exec-4] DEBUG o.s.security.web.FilterChainProxy - Secured GET /admin/dashboard
2025-06-15 12:47:31 [http-nio-8080-exec-5] DEBUG o.s.security.web.FilterChainProxy - Securing GET /admin/students
2025-06-15 12:47:31 [http-nio-8080-exec-5] DEBUG o.s.s.w.c.HttpSessionSecurityContextRepository - Retrieved SecurityContextImpl [Authentication=UsernamePasswordAuthenticationToken [Principal=org.example.coursesystem.security.CustomUserDetails@6a9f1849, Credentials=[PROTECTED], Authenticated=true, Details=WebAuthenticationDetails [RemoteIpAddress=0:0:0:0:0:0:0:1, SessionId=98D7278C1AB08FC578549087A982BC03], Granted Authorities=[ROLE_ADMIN]]]
2025-06-15 12:47:31 [http-nio-8080-exec-5] DEBUG o.s.security.web.FilterChainProxy - Secured GET /admin/students
2025-06-15 12:47:31 [http-nio-8080-exec-5] DEBUG o.s.s.a.m.AuthorizationManagerBeforeMethodInterceptor - Authorizing method invocation ReflectiveMethodInvocation: public java.lang.String org.example.coursesystem.controller.StudentController.index(org.springframework.ui.Model,java.lang.String,java.lang.String,java.lang.Integer,java.lang.String); target is of class [org.example.coursesystem.controller.StudentController]
2025-06-15 12:47:31 [http-nio-8080-exec-5] DEBUG o.s.s.a.m.AuthorizationManagerBeforeMethodInterceptor - Authorized method invocation ReflectiveMethodInvocation: public java.lang.String org.example.coursesystem.controller.StudentController.index(org.springframework.ui.Model,java.lang.String,java.lang.String,java.lang.Integer,java.lang.String); target is of class [org.example.coursesystem.controller.StudentController]
2025-06-15 12:47:31 [http-nio-8080-exec-5] ERROR o.a.c.c.C.[.[.[.[dispatcherServlet] - Servlet.service() for servlet [dispatcherServlet] in context with path [] threw exception [Request processing failed: org.springframework.data.redis.RedisConnectionFailureException: Unable to connect to Redis] with root cause
java.net.ConnectException: Connection refused: no further information
	at java.base/sun.nio.ch.Net.pollConnect(Native Method)
	at java.base/sun.nio.ch.Net.pollConnectNow(Net.java:672)
	at java.base/sun.nio.ch.SocketChannelImpl.finishConnect(SocketChannelImpl.java:946)
	at io.netty.channel.socket.nio.NioSocketChannel.doFinishConnect(NioSocketChannel.java:336)
	at io.netty.channel.nio.AbstractNioChannel$AbstractNioUnsafe.finishConnect(AbstractNioChannel.java:339)
	at io.netty.channel.nio.NioEventLoop.processSelectedKey(NioEventLoop.java:784)
	at io.netty.channel.nio.NioEventLoop.processSelectedKeysOptimized(NioEventLoop.java:732)
	at io.netty.channel.nio.NioEventLoop.processSelectedKeys(NioEventLoop.java:658)
	at io.netty.channel.nio.NioEventLoop.run(NioEventLoop.java:562)
	at io.netty.util.concurrent.SingleThreadEventExecutor$4.run(SingleThreadEventExecutor.java:998)
	at io.netty.util.internal.ThreadExecutorMap$2.run(ThreadExecutorMap.java:74)
	at io.netty.util.concurrent.FastThreadLocalRunnable.run(FastThreadLocalRunnable.java:30)
	at java.base/java.lang.Thread.run(Thread.java:833)
2025-06-15 12:47:31 [http-nio-8080-exec-5] DEBUG o.s.security.web.FilterChainProxy - Securing GET /error
2025-06-15 12:47:31 [http-nio-8080-exec-5] DEBUG o.s.s.w.c.HttpSessionSecurityContextRepository - Retrieved SecurityContextImpl [Authentication=UsernamePasswordAuthenticationToken [Principal=org.example.coursesystem.security.CustomUserDetails@6a9f1849, Credentials=[PROTECTED], Authenticated=true, Details=WebAuthenticationDetails [RemoteIpAddress=0:0:0:0:0:0:0:1, SessionId=98D7278C1AB08FC578549087A982BC03], Granted Authorities=[ROLE_ADMIN]]]
2025-06-15 12:47:31 [http-nio-8080-exec-5] DEBUG o.s.security.web.FilterChainProxy - Secured GET /error
2025-06-15 12:47:46 [http-nio-8080-exec-6] DEBUG o.s.security.web.FilterChainProxy - Securing GET /student/dashboard
2025-06-15 12:47:46 [http-nio-8080-exec-6] DEBUG o.s.s.w.c.HttpSessionSecurityContextRepository - Retrieved SecurityContextImpl [Authentication=UsernamePasswordAuthenticationToken [Principal=org.example.coursesystem.security.CustomUserDetails@6a9f1849, Credentials=[PROTECTED], Authenticated=true, Details=WebAuthenticationDetails [RemoteIpAddress=0:0:0:0:0:0:0:1, SessionId=98D7278C1AB08FC578549087A982BC03], Granted Authorities=[ROLE_ADMIN]]]
2025-06-15 12:47:46 [http-nio-8080-exec-6] DEBUG o.s.s.w.a.AccessDeniedHandlerImpl - Responding with 403 status code
2025-06-15 12:47:46 [http-nio-8080-exec-6] DEBUG o.s.security.web.FilterChainProxy - Securing GET /error
2025-06-15 12:47:46 [http-nio-8080-exec-6] DEBUG o.s.s.w.c.HttpSessionSecurityContextRepository - Retrieved SecurityContextImpl [Authentication=UsernamePasswordAuthenticationToken [Principal=org.example.coursesystem.security.CustomUserDetails@6a9f1849, Credentials=[PROTECTED], Authenticated=true, Details=WebAuthenticationDetails [RemoteIpAddress=0:0:0:0:0:0:0:1, SessionId=98D7278C1AB08FC578549087A982BC03], Granted Authorities=[ROLE_ADMIN]]]
2025-06-15 12:47:46 [http-nio-8080-exec-6] DEBUG o.s.security.web.FilterChainProxy - Secured GET /error
2025-06-15 12:47:48 [http-nio-8080-exec-7] DEBUG o.s.security.web.FilterChainProxy - Securing GET /admin/students
2025-06-15 12:47:48 [http-nio-8080-exec-7] DEBUG o.s.s.w.c.HttpSessionSecurityContextRepository - Retrieved SecurityContextImpl [Authentication=UsernamePasswordAuthenticationToken [Principal=org.example.coursesystem.security.CustomUserDetails@6a9f1849, Credentials=[PROTECTED], Authenticated=true, Details=WebAuthenticationDetails [RemoteIpAddress=0:0:0:0:0:0:0:1, SessionId=98D7278C1AB08FC578549087A982BC03], Granted Authorities=[ROLE_ADMIN]]]
2025-06-15 12:47:48 [http-nio-8080-exec-7] DEBUG o.s.security.web.FilterChainProxy - Secured GET /admin/students
2025-06-15 12:47:48 [http-nio-8080-exec-7] DEBUG o.s.s.a.m.AuthorizationManagerBeforeMethodInterceptor - Authorizing method invocation ReflectiveMethodInvocation: public java.lang.String org.example.coursesystem.controller.StudentController.index(org.springframework.ui.Model,java.lang.String,java.lang.String,java.lang.Integer,java.lang.String); target is of class [org.example.coursesystem.controller.StudentController]
2025-06-15 12:47:48 [http-nio-8080-exec-7] DEBUG o.s.s.a.m.AuthorizationManagerBeforeMethodInterceptor - Authorized method invocation ReflectiveMethodInvocation: public java.lang.String org.example.coursesystem.controller.StudentController.index(org.springframework.ui.Model,java.lang.String,java.lang.String,java.lang.Integer,java.lang.String); target is of class [org.example.coursesystem.controller.StudentController]
2025-06-15 12:47:48 [http-nio-8080-exec-7] ERROR o.a.c.c.C.[.[.[.[dispatcherServlet] - Servlet.service() for servlet [dispatcherServlet] in context with path [] threw exception [Request processing failed: org.springframework.data.redis.RedisConnectionFailureException: Unable to connect to Redis] with root cause
java.net.ConnectException: Connection refused: no further information
	at java.base/sun.nio.ch.Net.pollConnect(Native Method)
	at java.base/sun.nio.ch.Net.pollConnectNow(Net.java:672)
	at java.base/sun.nio.ch.SocketChannelImpl.finishConnect(SocketChannelImpl.java:946)
	at io.netty.channel.socket.nio.NioSocketChannel.doFinishConnect(NioSocketChannel.java:336)
	at io.netty.channel.nio.AbstractNioChannel$AbstractNioUnsafe.finishConnect(AbstractNioChannel.java:339)
	at io.netty.channel.nio.NioEventLoop.processSelectedKey(NioEventLoop.java:784)
	at io.netty.channel.nio.NioEventLoop.processSelectedKeysOptimized(NioEventLoop.java:732)
	at io.netty.channel.nio.NioEventLoop.processSelectedKeys(NioEventLoop.java:658)
	at io.netty.channel.nio.NioEventLoop.run(NioEventLoop.java:562)
	at io.netty.util.concurrent.SingleThreadEventExecutor$4.run(SingleThreadEventExecutor.java:998)
	at io.netty.util.internal.ThreadExecutorMap$2.run(ThreadExecutorMap.java:74)
	at io.netty.util.concurrent.FastThreadLocalRunnable.run(FastThreadLocalRunnable.java:30)
	at java.base/java.lang.Thread.run(Thread.java:833)
2025-06-15 12:47:48 [http-nio-8080-exec-7] DEBUG o.s.security.web.FilterChainProxy - Securing GET /error
2025-06-15 12:47:48 [http-nio-8080-exec-7] DEBUG o.s.s.w.c.HttpSessionSecurityContextRepository - Retrieved SecurityContextImpl [Authentication=UsernamePasswordAuthenticationToken [Principal=org.example.coursesystem.security.CustomUserDetails@6a9f1849, Credentials=[PROTECTED], Authenticated=true, Details=WebAuthenticationDetails [RemoteIpAddress=0:0:0:0:0:0:0:1, SessionId=98D7278C1AB08FC578549087A982BC03], Granted Authorities=[ROLE_ADMIN]]]
2025-06-15 12:47:48 [http-nio-8080-exec-7] DEBUG o.s.security.web.FilterChainProxy - Secured GET /error
2025-06-15 12:47:50 [http-nio-8080-exec-8] DEBUG o.s.security.web.FilterChainProxy - Securing GET /admin/courses
2025-06-15 12:47:50 [http-nio-8080-exec-8] DEBUG o.s.s.w.c.HttpSessionSecurityContextRepository - Retrieved SecurityContextImpl [Authentication=UsernamePasswordAuthenticationToken [Principal=org.example.coursesystem.security.CustomUserDetails@6a9f1849, Credentials=[PROTECTED], Authenticated=true, Details=WebAuthenticationDetails [RemoteIpAddress=0:0:0:0:0:0:0:1, SessionId=98D7278C1AB08FC578549087A982BC03], Granted Authorities=[ROLE_ADMIN]]]
2025-06-15 12:47:50 [http-nio-8080-exec-8] DEBUG o.s.security.web.FilterChainProxy - Secured GET /admin/courses
2025-06-15 12:47:50 [http-nio-8080-exec-8] DEBUG o.s.s.a.m.AuthorizationManagerBeforeMethodInterceptor - Authorizing method invocation ReflectiveMethodInvocation: public java.lang.String org.example.coursesystem.controller.CourseController.index(org.springframework.ui.Model,java.lang.String,java.lang.String,java.lang.String,java.lang.String); target is of class [org.example.coursesystem.controller.CourseController]
2025-06-15 12:47:50 [http-nio-8080-exec-8] DEBUG o.s.s.a.m.AuthorizationManagerBeforeMethodInterceptor - Authorized method invocation ReflectiveMethodInvocation: public java.lang.String org.example.coursesystem.controller.CourseController.index(org.springframework.ui.Model,java.lang.String,java.lang.String,java.lang.String,java.lang.String); target is of class [org.example.coursesystem.controller.CourseController]
2025-06-15 12:47:50 [http-nio-8080-exec-8] ERROR o.a.c.c.C.[.[.[.[dispatcherServlet] - Servlet.service() for servlet [dispatcherServlet] in context with path [] threw exception [Request processing failed: org.springframework.data.redis.RedisConnectionFailureException: Unable to connect to Redis] with root cause
java.net.ConnectException: Connection refused: no further information
	at java.base/sun.nio.ch.Net.pollConnect(Native Method)
	at java.base/sun.nio.ch.Net.pollConnectNow(Net.java:672)
	at java.base/sun.nio.ch.SocketChannelImpl.finishConnect(SocketChannelImpl.java:946)
	at io.netty.channel.socket.nio.NioSocketChannel.doFinishConnect(NioSocketChannel.java:336)
	at io.netty.channel.nio.AbstractNioChannel$AbstractNioUnsafe.finishConnect(AbstractNioChannel.java:339)
	at io.netty.channel.nio.NioEventLoop.processSelectedKey(NioEventLoop.java:784)
	at io.netty.channel.nio.NioEventLoop.processSelectedKeysOptimized(NioEventLoop.java:732)
	at io.netty.channel.nio.NioEventLoop.processSelectedKeys(NioEventLoop.java:658)
	at io.netty.channel.nio.NioEventLoop.run(NioEventLoop.java:562)
	at io.netty.util.concurrent.SingleThreadEventExecutor$4.run(SingleThreadEventExecutor.java:998)
	at io.netty.util.internal.ThreadExecutorMap$2.run(ThreadExecutorMap.java:74)
	at io.netty.util.concurrent.FastThreadLocalRunnable.run(FastThreadLocalRunnable.java:30)
	at java.base/java.lang.Thread.run(Thread.java:833)
2025-06-15 12:47:50 [http-nio-8080-exec-8] DEBUG o.s.security.web.FilterChainProxy - Securing GET /error
2025-06-15 12:47:50 [http-nio-8080-exec-8] DEBUG o.s.s.w.c.HttpSessionSecurityContextRepository - Retrieved SecurityContextImpl [Authentication=UsernamePasswordAuthenticationToken [Principal=org.example.coursesystem.security.CustomUserDetails@6a9f1849, Credentials=[PROTECTED], Authenticated=true, Details=WebAuthenticationDetails [RemoteIpAddress=0:0:0:0:0:0:0:1, SessionId=98D7278C1AB08FC578549087A982BC03], Granted Authorities=[ROLE_ADMIN]]]
2025-06-15 12:47:50 [http-nio-8080-exec-8] DEBUG o.s.security.web.FilterChainProxy - Secured GET /error
2025-06-15 12:47:53 [http-nio-8080-exec-9] DEBUG o.s.security.web.FilterChainProxy - Securing GET /admin/course-selections
2025-06-15 12:47:53 [http-nio-8080-exec-9] DEBUG o.s.s.w.c.HttpSessionSecurityContextRepository - Retrieved SecurityContextImpl [Authentication=UsernamePasswordAuthenticationToken [Principal=org.example.coursesystem.security.CustomUserDetails@6a9f1849, Credentials=[PROTECTED], Authenticated=true, Details=WebAuthenticationDetails [RemoteIpAddress=0:0:0:0:0:0:0:1, SessionId=98D7278C1AB08FC578549087A982BC03], Granted Authorities=[ROLE_ADMIN]]]
2025-06-15 12:47:53 [http-nio-8080-exec-9] DEBUG o.s.security.web.FilterChainProxy - Secured GET /admin/course-selections
2025-06-15 12:47:53 [http-nio-8080-exec-9] DEBUG o.s.s.a.m.AuthorizationManagerBeforeMethodInterceptor - Authorizing method invocation ReflectiveMethodInvocation: public java.lang.String org.example.coursesystem.controller.CourseSelectionController.adminIndex(org.springframework.ui.Model,java.lang.Long,java.lang.Long,java.lang.Long,java.lang.String); target is of class [org.example.coursesystem.controller.CourseSelectionController]
2025-06-15 12:47:53 [http-nio-8080-exec-9] DEBUG o.s.s.a.m.AuthorizationManagerBeforeMethodInterceptor - Authorized method invocation ReflectiveMethodInvocation: public java.lang.String org.example.coursesystem.controller.CourseSelectionController.adminIndex(org.springframework.ui.Model,java.lang.Long,java.lang.Long,java.lang.Long,java.lang.String); target is of class [org.example.coursesystem.controller.CourseSelectionController]
2025-06-15 12:47:53 [http-nio-8080-exec-9] ERROR o.a.c.c.C.[.[.[.[dispatcherServlet] - Servlet.service() for servlet [dispatcherServlet] in context with path [] threw exception [Request processing failed: org.springframework.data.redis.RedisConnectionFailureException: Unable to connect to Redis] with root cause
java.net.ConnectException: Connection refused: no further information
	at java.base/sun.nio.ch.Net.pollConnect(Native Method)
	at java.base/sun.nio.ch.Net.pollConnectNow(Net.java:672)
	at java.base/sun.nio.ch.SocketChannelImpl.finishConnect(SocketChannelImpl.java:946)
	at io.netty.channel.socket.nio.NioSocketChannel.doFinishConnect(NioSocketChannel.java:336)
	at io.netty.channel.nio.AbstractNioChannel$AbstractNioUnsafe.finishConnect(AbstractNioChannel.java:339)
	at io.netty.channel.nio.NioEventLoop.processSelectedKey(NioEventLoop.java:784)
	at io.netty.channel.nio.NioEventLoop.processSelectedKeysOptimized(NioEventLoop.java:732)
	at io.netty.channel.nio.NioEventLoop.processSelectedKeys(NioEventLoop.java:658)
	at io.netty.channel.nio.NioEventLoop.run(NioEventLoop.java:562)
	at io.netty.util.concurrent.SingleThreadEventExecutor$4.run(SingleThreadEventExecutor.java:998)
	at io.netty.util.internal.ThreadExecutorMap$2.run(ThreadExecutorMap.java:74)
	at io.netty.util.concurrent.FastThreadLocalRunnable.run(FastThreadLocalRunnable.java:30)
	at java.base/java.lang.Thread.run(Thread.java:833)
2025-06-15 12:47:53 [http-nio-8080-exec-9] DEBUG o.s.security.web.FilterChainProxy - Securing GET /error
2025-06-15 12:47:53 [http-nio-8080-exec-9] DEBUG o.s.s.w.c.HttpSessionSecurityContextRepository - Retrieved SecurityContextImpl [Authentication=UsernamePasswordAuthenticationToken [Principal=org.example.coursesystem.security.CustomUserDetails@6a9f1849, Credentials=[PROTECTED], Authenticated=true, Details=WebAuthenticationDetails [RemoteIpAddress=0:0:0:0:0:0:0:1, SessionId=98D7278C1AB08FC578549087A982BC03], Granted Authorities=[ROLE_ADMIN]]]
2025-06-15 12:47:53 [http-nio-8080-exec-9] DEBUG o.s.security.web.FilterChainProxy - Secured GET /error
2025-06-15 12:48:07 [http-nio-8080-exec-10] DEBUG o.s.security.web.FilterChainProxy - Securing GET /admin/course-selections
2025-06-15 12:48:07 [http-nio-8080-exec-10] DEBUG o.s.s.w.c.HttpSessionSecurityContextRepository - Retrieved SecurityContextImpl [Authentication=UsernamePasswordAuthenticationToken [Principal=org.example.coursesystem.security.CustomUserDetails@6a9f1849, Credentials=[PROTECTED], Authenticated=true, Details=WebAuthenticationDetails [RemoteIpAddress=0:0:0:0:0:0:0:1, SessionId=98D7278C1AB08FC578549087A982BC03], Granted Authorities=[ROLE_ADMIN]]]
2025-06-15 12:48:07 [http-nio-8080-exec-10] DEBUG o.s.security.web.FilterChainProxy - Secured GET /admin/course-selections
2025-06-15 12:48:07 [http-nio-8080-exec-10] DEBUG o.s.s.a.m.AuthorizationManagerBeforeMethodInterceptor - Authorizing method invocation ReflectiveMethodInvocation: public java.lang.String org.example.coursesystem.controller.CourseSelectionController.adminIndex(org.springframework.ui.Model,java.lang.Long,java.lang.Long,java.lang.Long,java.lang.String); target is of class [org.example.coursesystem.controller.CourseSelectionController]
2025-06-15 12:48:07 [http-nio-8080-exec-10] DEBUG o.s.s.a.m.AuthorizationManagerBeforeMethodInterceptor - Authorized method invocation ReflectiveMethodInvocation: public java.lang.String org.example.coursesystem.controller.CourseSelectionController.adminIndex(org.springframework.ui.Model,java.lang.Long,java.lang.Long,java.lang.Long,java.lang.String); target is of class [org.example.coursesystem.controller.CourseSelectionController]
2025-06-15 12:48:07 [http-nio-8080-exec-10] ERROR o.a.c.c.C.[.[.[.[dispatcherServlet] - Servlet.service() for servlet [dispatcherServlet] in context with path [] threw exception [Request processing failed: org.springframework.data.redis.RedisConnectionFailureException: Unable to connect to Redis] with root cause
java.net.ConnectException: Connection refused: no further information
	at java.base/sun.nio.ch.Net.pollConnect(Native Method)
	at java.base/sun.nio.ch.Net.pollConnectNow(Net.java:672)
	at java.base/sun.nio.ch.SocketChannelImpl.finishConnect(SocketChannelImpl.java:946)
	at io.netty.channel.socket.nio.NioSocketChannel.doFinishConnect(NioSocketChannel.java:336)
	at io.netty.channel.nio.AbstractNioChannel$AbstractNioUnsafe.finishConnect(AbstractNioChannel.java:339)
	at io.netty.channel.nio.NioEventLoop.processSelectedKey(NioEventLoop.java:784)
	at io.netty.channel.nio.NioEventLoop.processSelectedKeysOptimized(NioEventLoop.java:732)
	at io.netty.channel.nio.NioEventLoop.processSelectedKeys(NioEventLoop.java:658)
	at io.netty.channel.nio.NioEventLoop.run(NioEventLoop.java:562)
	at io.netty.util.concurrent.SingleThreadEventExecutor$4.run(SingleThreadEventExecutor.java:998)
	at io.netty.util.internal.ThreadExecutorMap$2.run(ThreadExecutorMap.java:74)
	at io.netty.util.concurrent.FastThreadLocalRunnable.run(FastThreadLocalRunnable.java:30)
	at java.base/java.lang.Thread.run(Thread.java:833)
2025-06-15 12:48:07 [http-nio-8080-exec-10] DEBUG o.s.security.web.FilterChainProxy - Securing GET /error
2025-06-15 12:48:07 [http-nio-8080-exec-10] DEBUG o.s.s.w.c.HttpSessionSecurityContextRepository - Retrieved SecurityContextImpl [Authentication=UsernamePasswordAuthenticationToken [Principal=org.example.coursesystem.security.CustomUserDetails@6a9f1849, Credentials=[PROTECTED], Authenticated=true, Details=WebAuthenticationDetails [RemoteIpAddress=0:0:0:0:0:0:0:1, SessionId=98D7278C1AB08FC578549087A982BC03], Granted Authorities=[ROLE_ADMIN]]]
2025-06-15 12:48:07 [http-nio-8080-exec-10] DEBUG o.s.security.web.FilterChainProxy - Secured GET /error
2025-06-15 12:48:52 [http-nio-8080-exec-1] DEBUG o.s.security.web.FilterChainProxy - Securing GET /admin/students
2025-06-15 12:48:52 [http-nio-8080-exec-1] DEBUG o.s.s.w.c.HttpSessionSecurityContextRepository - Retrieved SecurityContextImpl [Authentication=UsernamePasswordAuthenticationToken [Principal=org.example.coursesystem.security.CustomUserDetails@6a9f1849, Credentials=[PROTECTED], Authenticated=true, Details=WebAuthenticationDetails [RemoteIpAddress=0:0:0:0:0:0:0:1, SessionId=98D7278C1AB08FC578549087A982BC03], Granted Authorities=[ROLE_ADMIN]]]
2025-06-15 12:48:52 [http-nio-8080-exec-1] DEBUG o.s.security.web.FilterChainProxy - Secured GET /admin/students
2025-06-15 12:48:52 [http-nio-8080-exec-1] DEBUG o.s.s.a.m.AuthorizationManagerBeforeMethodInterceptor - Authorizing method invocation ReflectiveMethodInvocation: public java.lang.String org.example.coursesystem.controller.StudentController.index(org.springframework.ui.Model,java.lang.String,java.lang.String,java.lang.Integer,java.lang.String); target is of class [org.example.coursesystem.controller.StudentController]
2025-06-15 12:48:52 [http-nio-8080-exec-1] DEBUG o.s.s.a.m.AuthorizationManagerBeforeMethodInterceptor - Authorized method invocation ReflectiveMethodInvocation: public java.lang.String org.example.coursesystem.controller.StudentController.index(org.springframework.ui.Model,java.lang.String,java.lang.String,java.lang.Integer,java.lang.String); target is of class [org.example.coursesystem.controller.StudentController]
2025-06-15 12:48:52 [http-nio-8080-exec-1] ERROR o.a.c.c.C.[.[.[.[dispatcherServlet] - Servlet.service() for servlet [dispatcherServlet] in context with path [] threw exception [Request processing failed: org.springframework.data.redis.RedisConnectionFailureException: Unable to connect to Redis] with root cause
java.net.ConnectException: Connection refused: no further information
	at java.base/sun.nio.ch.Net.pollConnect(Native Method)
	at java.base/sun.nio.ch.Net.pollConnectNow(Net.java:672)
	at java.base/sun.nio.ch.SocketChannelImpl.finishConnect(SocketChannelImpl.java:946)
	at io.netty.channel.socket.nio.NioSocketChannel.doFinishConnect(NioSocketChannel.java:336)
	at io.netty.channel.nio.AbstractNioChannel$AbstractNioUnsafe.finishConnect(AbstractNioChannel.java:339)
	at io.netty.channel.nio.NioEventLoop.processSelectedKey(NioEventLoop.java:784)
	at io.netty.channel.nio.NioEventLoop.processSelectedKeysOptimized(NioEventLoop.java:732)
	at io.netty.channel.nio.NioEventLoop.processSelectedKeys(NioEventLoop.java:658)
	at io.netty.channel.nio.NioEventLoop.run(NioEventLoop.java:562)
	at io.netty.util.concurrent.SingleThreadEventExecutor$4.run(SingleThreadEventExecutor.java:998)
	at io.netty.util.internal.ThreadExecutorMap$2.run(ThreadExecutorMap.java:74)
	at io.netty.util.concurrent.FastThreadLocalRunnable.run(FastThreadLocalRunnable.java:30)
	at java.base/java.lang.Thread.run(Thread.java:833)
2025-06-15 12:48:52 [http-nio-8080-exec-1] DEBUG o.s.security.web.FilterChainProxy - Securing GET /error
2025-06-15 12:48:52 [http-nio-8080-exec-1] DEBUG o.s.s.w.c.HttpSessionSecurityContextRepository - Retrieved SecurityContextImpl [Authentication=UsernamePasswordAuthenticationToken [Principal=org.example.coursesystem.security.CustomUserDetails@6a9f1849, Credentials=[PROTECTED], Authenticated=true, Details=WebAuthenticationDetails [RemoteIpAddress=0:0:0:0:0:0:0:1, SessionId=98D7278C1AB08FC578549087A982BC03], Granted Authorities=[ROLE_ADMIN]]]
2025-06-15 12:48:52 [http-nio-8080-exec-1] DEBUG o.s.security.web.FilterChainProxy - Secured GET /error
2025-06-15 13:00:44 [main] INFO  o.e.c.CourseSystemApplication - Starting CourseSystemApplication using Java 17.0.1 with PID 29436 (F:\StudyDate\JavaEEData\practice\CourseSystem\CourseSystem\target\classes started by Xj02 in F:\StudyDate\JavaEEData\practice\CourseSystem\CourseSystem)
2025-06-15 13:00:44 [main] INFO  o.e.c.CourseSystemApplication - No active profile set, falling back to 1 default profile: "default"
2025-06-15 13:00:45 [main] INFO  o.s.d.r.c.RepositoryConfigurationDelegate - Multiple Spring Data modules found, entering strict repository configuration mode
2025-06-15 13:00:45 [main] INFO  o.s.d.r.c.RepositoryConfigurationDelegate - Bootstrapping Spring Data Redis repositories in DEFAULT mode.
2025-06-15 13:00:45 [main] INFO  o.s.d.r.c.RepositoryConfigurationDelegate - Finished Spring Data repository scanning in 12 ms. Found 0 Redis repository interfaces.
2025-06-15 13:00:45 [main] INFO  o.s.b.w.e.tomcat.TomcatWebServer - Tomcat initialized with port 8080 (http)
2025-06-15 13:00:45 [main] INFO  o.a.catalina.core.StandardService - Starting service [Tomcat]
2025-06-15 13:00:45 [main] INFO  o.a.catalina.core.StandardEngine - Starting Servlet engine: [Apache Tomcat/10.1.41]
2025-06-15 13:00:45 [main] INFO  o.a.c.c.C.[Tomcat].[localhost].[/] - Initializing Spring embedded WebApplicationContext
2025-06-15 13:00:45 [main] INFO  o.s.b.w.s.c.ServletWebServerApplicationContext - Root WebApplicationContext: initialization completed in 1285 ms
2025-06-15 13:00:46 [main] INFO  com.zaxxer.hikari.HikariDataSource - HikariPool-1 - Starting...
2025-06-15 13:00:46 [main] INFO  com.zaxxer.hikari.pool.HikariPool - HikariPool-1 - Added connection com.mysql.cj.jdbc.ConnectionImpl@65753724
2025-06-15 13:00:46 [main] INFO  com.zaxxer.hikari.HikariDataSource - HikariPool-1 - Start completed.
2025-06-15 13:00:46 [main] INFO  o.s.s.c.a.a.c.InitializeAuthenticationProviderBeanManagerConfigurer$InitializeAuthenticationProviderManagerConfigurer - Global AuthenticationManager configured with AuthenticationProvider bean with name authenticationProvider
2025-06-15 13:00:46 [main] WARN  o.s.s.c.a.a.c.InitializeUserDetailsBeanManagerConfigurer$InitializeUserDetailsManagerConfigurer - Global AuthenticationManager configured with an AuthenticationProvider bean. UserDetailsService beans will not be used by Spring Security for automatically configuring username/password login. Consider removing the AuthenticationProvider bean. Alternatively, consider using the UserDetailsService in a manually instantiated DaoAuthenticationProvider. If the current configuration is intentional, to turn off this warning, increase the logging level of 'org.springframework.security.config.annotation.authentication.configuration.InitializeUserDetailsBeanManagerConfigurer' to ERROR
2025-06-15 13:00:46 [main] DEBUG o.s.s.web.DefaultSecurityFilterChain - Will secure any request with filters: DisableEncodeUrlFilter, WebAsyncManagerIntegrationFilter, SecurityContextHolderFilter, HeaderWriterFilter, LogoutFilter, UsernamePasswordAuthenticationFilter, ConcurrentSessionFilter, RequestCacheAwareFilter, SecurityContextHolderAwareRequestFilter, AnonymousAuthenticationFilter, SessionManagementFilter, ExceptionTranslationFilter, AuthorizationFilter
2025-06-15 13:00:47 [main] INFO  o.s.b.w.e.tomcat.TomcatWebServer - Tomcat started on port 8080 (http) with context path '/'
2025-06-15 13:00:47 [main] INFO  o.e.c.CourseSystemApplication - Started CourseSystemApplication in 3.526 seconds (process running for 3.823)
2025-06-15 13:00:53 [SpringApplicationShutdownHook] INFO  o.s.b.w.e.tomcat.GracefulShutdown - Commencing graceful shutdown. Waiting for active requests to complete
2025-06-15 13:00:53 [tomcat-shutdown] INFO  o.s.b.w.e.tomcat.GracefulShutdown - Graceful shutdown complete
2025-06-15 13:00:53 [SpringApplicationShutdownHook] INFO  com.zaxxer.hikari.HikariDataSource - HikariPool-1 - Shutdown initiated...
2025-06-15 13:00:53 [SpringApplicationShutdownHook] INFO  com.zaxxer.hikari.HikariDataSource - HikariPool-1 - Shutdown completed.
2025-06-15 13:00:59 [main] INFO  o.e.c.CourseSystemApplication - Starting CourseSystemApplication using Java 17.0.1 with PID 39588 (F:\StudyDate\JavaEEData\practice\CourseSystem\CourseSystem\target\classes started by Xj02 in F:\StudyDate\JavaEEData\practice\CourseSystem\CourseSystem)
2025-06-15 13:00:59 [main] INFO  o.e.c.CourseSystemApplication - No active profile set, falling back to 1 default profile: "default"
2025-06-15 13:01:00 [main] INFO  o.s.d.r.c.RepositoryConfigurationDelegate - Multiple Spring Data modules found, entering strict repository configuration mode
2025-06-15 13:01:00 [main] INFO  o.s.d.r.c.RepositoryConfigurationDelegate - Bootstrapping Spring Data Redis repositories in DEFAULT mode.
2025-06-15 13:01:00 [main] INFO  o.s.d.r.c.RepositoryConfigurationDelegate - Finished Spring Data repository scanning in 17 ms. Found 0 Redis repository interfaces.
2025-06-15 13:01:01 [main] INFO  o.s.b.w.e.tomcat.TomcatWebServer - Tomcat initialized with port 8080 (http)
2025-06-15 13:01:01 [main] INFO  o.a.catalina.core.StandardService - Starting service [Tomcat]
2025-06-15 13:01:01 [main] INFO  o.a.catalina.core.StandardEngine - Starting Servlet engine: [Apache Tomcat/10.1.41]
2025-06-15 13:01:01 [main] INFO  o.a.c.c.C.[Tomcat].[localhost].[/] - Initializing Spring embedded WebApplicationContext
2025-06-15 13:01:01 [main] INFO  o.s.b.w.s.c.ServletWebServerApplicationContext - Root WebApplicationContext: initialization completed in 1301 ms
2025-06-15 13:01:01 [main] INFO  com.zaxxer.hikari.HikariDataSource - HikariPool-1 - Starting...
2025-06-15 13:01:01 [main] INFO  com.zaxxer.hikari.pool.HikariPool - HikariPool-1 - Added connection com.mysql.cj.jdbc.ConnectionImpl@2cea921a
2025-06-15 13:01:01 [main] INFO  com.zaxxer.hikari.HikariDataSource - HikariPool-1 - Start completed.
2025-06-15 13:01:02 [main] INFO  o.s.s.c.a.a.c.InitializeAuthenticationProviderBeanManagerConfigurer$InitializeAuthenticationProviderManagerConfigurer - Global AuthenticationManager configured with AuthenticationProvider bean with name authenticationProvider
2025-06-15 13:01:02 [main] WARN  o.s.s.c.a.a.c.InitializeUserDetailsBeanManagerConfigurer$InitializeUserDetailsManagerConfigurer - Global AuthenticationManager configured with an AuthenticationProvider bean. UserDetailsService beans will not be used by Spring Security for automatically configuring username/password login. Consider removing the AuthenticationProvider bean. Alternatively, consider using the UserDetailsService in a manually instantiated DaoAuthenticationProvider. If the current configuration is intentional, to turn off this warning, increase the logging level of 'org.springframework.security.config.annotation.authentication.configuration.InitializeUserDetailsBeanManagerConfigurer' to ERROR
2025-06-15 13:01:02 [main] DEBUG o.s.s.web.DefaultSecurityFilterChain - Will secure any request with filters: DisableEncodeUrlFilter, WebAsyncManagerIntegrationFilter, SecurityContextHolderFilter, HeaderWriterFilter, LogoutFilter, UsernamePasswordAuthenticationFilter, ConcurrentSessionFilter, RequestCacheAwareFilter, SecurityContextHolderAwareRequestFilter, AnonymousAuthenticationFilter, SessionManagementFilter, ExceptionTranslationFilter, AuthorizationFilter
2025-06-15 13:01:03 [main] INFO  o.s.b.w.e.tomcat.TomcatWebServer - Tomcat started on port 8080 (http) with context path '/'
2025-06-15 13:01:03 [main] INFO  o.e.c.CourseSystemApplication - Started CourseSystemApplication in 3.533 seconds (process running for 3.8)
2025-06-15 13:01:14 [http-nio-8080-exec-1] INFO  o.a.c.c.C.[Tomcat].[localhost].[/] - Initializing Spring DispatcherServlet 'dispatcherServlet'
2025-06-15 13:01:14 [http-nio-8080-exec-1] INFO  o.s.web.servlet.DispatcherServlet - Initializing Servlet 'dispatcherServlet'
2025-06-15 13:01:14 [http-nio-8080-exec-1] INFO  o.s.web.servlet.DispatcherServlet - Completed initialization in 2 ms
2025-06-15 13:01:14 [http-nio-8080-exec-1] DEBUG o.s.security.web.FilterChainProxy - Securing GET /
2025-06-15 13:01:14 [http-nio-8080-exec-1] DEBUG o.s.s.w.a.AnonymousAuthenticationFilter - Set SecurityContextHolder to anonymous SecurityContext
2025-06-15 13:01:14 [http-nio-8080-exec-1] DEBUG o.s.s.w.s.SessionManagementFilter - Request requested invalid session id 0391FF96C317640BB583900B6182D53A
2025-06-15 13:01:14 [http-nio-8080-exec-1] DEBUG o.s.security.web.FilterChainProxy - Secured GET /
2025-06-15 13:01:14 [http-nio-8080-exec-2] DEBUG o.s.security.web.FilterChainProxy - Securing GET /login
2025-06-15 13:01:14 [http-nio-8080-exec-2] DEBUG o.s.s.w.a.AnonymousAuthenticationFilter - Set SecurityContextHolder to anonymous SecurityContext
2025-06-15 13:01:14 [http-nio-8080-exec-2] DEBUG o.s.s.w.s.SessionManagementFilter - Request requested invalid session id 0391FF96C317640BB583900B6182D53A
2025-06-15 13:01:14 [http-nio-8080-exec-2] DEBUG o.s.security.web.FilterChainProxy - Secured GET /login
2025-06-15 13:01:22 [http-nio-8080-exec-3] DEBUG o.s.security.web.FilterChainProxy - Securing POST /login
2025-06-15 13:01:23 [http-nio-8080-exec-3] DEBUG o.s.s.a.d.DaoAuthenticationProvider - Authenticated user
2025-06-15 13:01:23 [http-nio-8080-exec-3] DEBUG o.s.s.w.a.s.ChangeSessionIdAuthenticationStrategy - Changed session id from 18D4C23C51A6752369EE77FEEF1F87B8
2025-06-15 13:01:23 [http-nio-8080-exec-3] DEBUG o.s.s.c.session.SessionRegistryImpl - Registering session F3E5F67744D32E5C31228F52E7D94873, for principal org.example.coursesystem.security.CustomUserDetails@695346af
2025-06-15 13:01:23 [http-nio-8080-exec-3] DEBUG o.s.s.w.c.HttpSessionSecurityContextRepository - Stored SecurityContextImpl [Authentication=UsernamePasswordAuthenticationToken [Principal=org.example.coursesystem.security.CustomUserDetails@695346af, Credentials=[PROTECTED], Authenticated=true, Details=WebAuthenticationDetails [RemoteIpAddress=0:0:0:0:0:0:0:1, SessionId=18D4C23C51A6752369EE77FEEF1F87B8], Granted Authorities=[ROLE_ADMIN]]] to HttpSession [org.apache.catalina.session.StandardSessionFacade@526a2fcf]
2025-06-15 13:01:23 [http-nio-8080-exec-3] DEBUG o.s.s.w.a.UsernamePasswordAuthenticationFilter - Set SecurityContextHolder to UsernamePasswordAuthenticationToken [Principal=org.example.coursesystem.security.CustomUserDetails@695346af, Credentials=[PROTECTED], Authenticated=true, Details=WebAuthenticationDetails [RemoteIpAddress=0:0:0:0:0:0:0:1, SessionId=18D4C23C51A6752369EE77FEEF1F87B8], Granted Authorities=[ROLE_ADMIN]]
2025-06-15 13:01:23 [http-nio-8080-exec-8] DEBUG o.s.security.web.FilterChainProxy - Securing GET /admin/dashboard
2025-06-15 13:01:23 [http-nio-8080-exec-8] DEBUG o.s.s.w.c.HttpSessionSecurityContextRepository - Retrieved SecurityContextImpl [Authentication=UsernamePasswordAuthenticationToken [Principal=org.example.coursesystem.security.CustomUserDetails@695346af, Credentials=[PROTECTED], Authenticated=true, Details=WebAuthenticationDetails [RemoteIpAddress=0:0:0:0:0:0:0:1, SessionId=18D4C23C51A6752369EE77FEEF1F87B8], Granted Authorities=[ROLE_ADMIN]]]
2025-06-15 13:01:23 [http-nio-8080-exec-8] DEBUG o.s.security.web.FilterChainProxy - Secured GET /admin/dashboard
2025-06-15 13:01:24 [http-nio-8080-exec-4] DEBUG o.s.security.web.FilterChainProxy - Securing GET /admin/students
2025-06-15 13:01:24 [http-nio-8080-exec-4] DEBUG o.s.s.w.c.HttpSessionSecurityContextRepository - Retrieved SecurityContextImpl [Authentication=UsernamePasswordAuthenticationToken [Principal=org.example.coursesystem.security.CustomUserDetails@695346af, Credentials=[PROTECTED], Authenticated=true, Details=WebAuthenticationDetails [RemoteIpAddress=0:0:0:0:0:0:0:1, SessionId=18D4C23C51A6752369EE77FEEF1F87B8], Granted Authorities=[ROLE_ADMIN]]]
2025-06-15 13:01:24 [http-nio-8080-exec-4] DEBUG o.s.security.web.FilterChainProxy - Secured GET /admin/students
2025-06-15 13:01:24 [http-nio-8080-exec-4] DEBUG o.s.s.a.m.AuthorizationManagerBeforeMethodInterceptor - Authorizing method invocation ReflectiveMethodInvocation: public java.lang.String org.example.coursesystem.controller.StudentController.index(org.springframework.ui.Model,java.lang.String,java.lang.String,java.lang.Integer,java.lang.String); target is of class [org.example.coursesystem.controller.StudentController]
2025-06-15 13:01:24 [http-nio-8080-exec-4] DEBUG o.s.s.a.m.AuthorizationManagerBeforeMethodInterceptor - Authorized method invocation ReflectiveMethodInvocation: public java.lang.String org.example.coursesystem.controller.StudentController.index(org.springframework.ui.Model,java.lang.String,java.lang.String,java.lang.Integer,java.lang.String); target is of class [org.example.coursesystem.controller.StudentController]
2025-06-15 13:01:31 [http-nio-8080-exec-10] DEBUG o.s.security.web.FilterChainProxy - Securing GET /admin/courses
2025-06-15 13:01:31 [http-nio-8080-exec-10] DEBUG o.s.s.w.c.HttpSessionSecurityContextRepository - Retrieved SecurityContextImpl [Authentication=UsernamePasswordAuthenticationToken [Principal=org.example.coursesystem.security.CustomUserDetails@695346af, Credentials=[PROTECTED], Authenticated=true, Details=WebAuthenticationDetails [RemoteIpAddress=0:0:0:0:0:0:0:1, SessionId=18D4C23C51A6752369EE77FEEF1F87B8], Granted Authorities=[ROLE_ADMIN]]]
2025-06-15 13:01:31 [http-nio-8080-exec-10] DEBUG o.s.security.web.FilterChainProxy - Secured GET /admin/courses
2025-06-15 13:01:31 [http-nio-8080-exec-10] DEBUG o.s.s.a.m.AuthorizationManagerBeforeMethodInterceptor - Authorizing method invocation ReflectiveMethodInvocation: public java.lang.String org.example.coursesystem.controller.CourseController.index(org.springframework.ui.Model,java.lang.String,java.lang.String,java.lang.String,java.lang.String); target is of class [org.example.coursesystem.controller.CourseController]
2025-06-15 13:01:31 [http-nio-8080-exec-10] DEBUG o.s.s.a.m.AuthorizationManagerBeforeMethodInterceptor - Authorized method invocation ReflectiveMethodInvocation: public java.lang.String org.example.coursesystem.controller.CourseController.index(org.springframework.ui.Model,java.lang.String,java.lang.String,java.lang.String,java.lang.String); target is of class [org.example.coursesystem.controller.CourseController]
2025-06-15 13:01:33 [http-nio-8080-exec-6] DEBUG o.s.security.web.FilterChainProxy - Securing GET /admin/course-selections
2025-06-15 13:01:33 [http-nio-8080-exec-6] DEBUG o.s.s.w.c.HttpSessionSecurityContextRepository - Retrieved SecurityContextImpl [Authentication=UsernamePasswordAuthenticationToken [Principal=org.example.coursesystem.security.CustomUserDetails@695346af, Credentials=[PROTECTED], Authenticated=true, Details=WebAuthenticationDetails [RemoteIpAddress=0:0:0:0:0:0:0:1, SessionId=18D4C23C51A6752369EE77FEEF1F87B8], Granted Authorities=[ROLE_ADMIN]]]
2025-06-15 13:01:33 [http-nio-8080-exec-6] DEBUG o.s.security.web.FilterChainProxy - Secured GET /admin/course-selections
2025-06-15 13:01:33 [http-nio-8080-exec-6] DEBUG o.s.s.a.m.AuthorizationManagerBeforeMethodInterceptor - Authorizing method invocation ReflectiveMethodInvocation: public java.lang.String org.example.coursesystem.controller.CourseSelectionController.adminIndex(org.springframework.ui.Model,java.lang.Long,java.lang.Long,java.lang.Long,java.lang.String); target is of class [org.example.coursesystem.controller.CourseSelectionController]
2025-06-15 13:01:33 [http-nio-8080-exec-6] DEBUG o.s.s.a.m.AuthorizationManagerBeforeMethodInterceptor - Authorized method invocation ReflectiveMethodInvocation: public java.lang.String org.example.coursesystem.controller.CourseSelectionController.adminIndex(org.springframework.ui.Model,java.lang.Long,java.lang.Long,java.lang.Long,java.lang.String); target is of class [org.example.coursesystem.controller.CourseSelectionController]
2025-06-15 13:01:36 [http-nio-8080-exec-5] DEBUG o.s.security.web.FilterChainProxy - Securing GET /admin/students
2025-06-15 13:01:36 [http-nio-8080-exec-5] DEBUG o.s.s.w.c.HttpSessionSecurityContextRepository - Retrieved SecurityContextImpl [Authentication=UsernamePasswordAuthenticationToken [Principal=org.example.coursesystem.security.CustomUserDetails@695346af, Credentials=[PROTECTED], Authenticated=true, Details=WebAuthenticationDetails [RemoteIpAddress=0:0:0:0:0:0:0:1, SessionId=18D4C23C51A6752369EE77FEEF1F87B8], Granted Authorities=[ROLE_ADMIN]]]
2025-06-15 13:01:36 [http-nio-8080-exec-5] DEBUG o.s.security.web.FilterChainProxy - Secured GET /admin/students
2025-06-15 13:01:36 [http-nio-8080-exec-5] DEBUG o.s.s.a.m.AuthorizationManagerBeforeMethodInterceptor - Authorizing method invocation ReflectiveMethodInvocation: public java.lang.String org.example.coursesystem.controller.StudentController.index(org.springframework.ui.Model,java.lang.String,java.lang.String,java.lang.Integer,java.lang.String); target is of class [org.example.coursesystem.controller.StudentController]
2025-06-15 13:01:36 [http-nio-8080-exec-5] DEBUG o.s.s.a.m.AuthorizationManagerBeforeMethodInterceptor - Authorized method invocation ReflectiveMethodInvocation: public java.lang.String org.example.coursesystem.controller.StudentController.index(org.springframework.ui.Model,java.lang.String,java.lang.String,java.lang.Integer,java.lang.String); target is of class [org.example.coursesystem.controller.StudentController]
2025-06-15 13:01:38 [http-nio-8080-exec-9] DEBUG o.s.security.web.FilterChainProxy - Securing GET /admin/students/add
2025-06-15 13:01:38 [http-nio-8080-exec-9] DEBUG o.s.s.w.c.HttpSessionSecurityContextRepository - Retrieved SecurityContextImpl [Authentication=UsernamePasswordAuthenticationToken [Principal=org.example.coursesystem.security.CustomUserDetails@695346af, Credentials=[PROTECTED], Authenticated=true, Details=WebAuthenticationDetails [RemoteIpAddress=0:0:0:0:0:0:0:1, SessionId=18D4C23C51A6752369EE77FEEF1F87B8], Granted Authorities=[ROLE_ADMIN]]]
2025-06-15 13:01:38 [http-nio-8080-exec-9] DEBUG o.s.security.web.FilterChainProxy - Secured GET /admin/students/add
2025-06-15 13:01:38 [http-nio-8080-exec-9] DEBUG o.s.s.a.m.AuthorizationManagerBeforeMethodInterceptor - Authorizing method invocation ReflectiveMethodInvocation: public java.lang.String org.example.coursesystem.controller.StudentController.showAddForm(org.springframework.ui.Model); target is of class [org.example.coursesystem.controller.StudentController]
2025-06-15 13:01:38 [http-nio-8080-exec-9] DEBUG o.s.s.a.m.AuthorizationManagerBeforeMethodInterceptor - Authorized method invocation ReflectiveMethodInvocation: public java.lang.String org.example.coursesystem.controller.StudentController.showAddForm(org.springframework.ui.Model); target is of class [org.example.coursesystem.controller.StudentController]
2025-06-15 13:01:41 [http-nio-8080-exec-7] DEBUG o.s.security.web.FilterChainProxy - Securing GET /admin/students/check-student-number?studentNumber=2024001006&excludeId=
2025-06-15 13:01:41 [http-nio-8080-exec-7] DEBUG o.s.s.w.c.HttpSessionSecurityContextRepository - Retrieved SecurityContextImpl [Authentication=UsernamePasswordAuthenticationToken [Principal=org.example.coursesystem.security.CustomUserDetails@695346af, Credentials=[PROTECTED], Authenticated=true, Details=WebAuthenticationDetails [RemoteIpAddress=0:0:0:0:0:0:0:1, SessionId=18D4C23C51A6752369EE77FEEF1F87B8], Granted Authorities=[ROLE_ADMIN]]]
2025-06-15 13:01:41 [http-nio-8080-exec-7] DEBUG o.s.security.web.FilterChainProxy - Secured GET /admin/students/check-student-number?studentNumber=2024001006&excludeId=
2025-06-15 13:01:41 [http-nio-8080-exec-7] DEBUG o.s.s.a.m.AuthorizationManagerBeforeMethodInterceptor - Authorizing method invocation ReflectiveMethodInvocation: public org.springframework.http.ResponseEntity org.example.coursesystem.controller.StudentController.checkStudentNumber(java.lang.String); target is of class [org.example.coursesystem.controller.StudentController]
2025-06-15 13:01:41 [http-nio-8080-exec-7] DEBUG o.s.s.a.m.AuthorizationManagerBeforeMethodInterceptor - Authorized method invocation ReflectiveMethodInvocation: public org.springframework.http.ResponseEntity org.example.coursesystem.controller.StudentController.checkStudentNumber(java.lang.String); target is of class [org.example.coursesystem.controller.StudentController]
2025-06-15 13:01:43 [http-nio-8080-exec-1] DEBUG o.s.security.web.FilterChainProxy - Securing GET /admin/students/check-student-number?studentNumber=202400100&excludeId=
2025-06-15 13:01:43 [http-nio-8080-exec-1] DEBUG o.s.s.w.c.HttpSessionSecurityContextRepository - Retrieved SecurityContextImpl [Authentication=UsernamePasswordAuthenticationToken [Principal=org.example.coursesystem.security.CustomUserDetails@695346af, Credentials=[PROTECTED], Authenticated=true, Details=WebAuthenticationDetails [RemoteIpAddress=0:0:0:0:0:0:0:1, SessionId=18D4C23C51A6752369EE77FEEF1F87B8], Granted Authorities=[ROLE_ADMIN]]]
2025-06-15 13:01:43 [http-nio-8080-exec-1] DEBUG o.s.security.web.FilterChainProxy - Secured GET /admin/students/check-student-number?studentNumber=202400100&excludeId=
2025-06-15 13:01:43 [http-nio-8080-exec-1] DEBUG o.s.s.a.m.AuthorizationManagerBeforeMethodInterceptor - Authorizing method invocation ReflectiveMethodInvocation: public org.springframework.http.ResponseEntity org.example.coursesystem.controller.StudentController.checkStudentNumber(java.lang.String); target is of class [org.example.coursesystem.controller.StudentController]
2025-06-15 13:01:43 [http-nio-8080-exec-1] DEBUG o.s.s.a.m.AuthorizationManagerBeforeMethodInterceptor - Authorized method invocation ReflectiveMethodInvocation: public org.springframework.http.ResponseEntity org.example.coursesystem.controller.StudentController.checkStudentNumber(java.lang.String); target is of class [org.example.coursesystem.controller.StudentController]
2025-06-15 13:01:44 [http-nio-8080-exec-2] DEBUG o.s.security.web.FilterChainProxy - Securing GET /admin/students/check-student-number?studentNumber=2024001009&excludeId=
2025-06-15 13:01:44 [http-nio-8080-exec-2] DEBUG o.s.s.w.c.HttpSessionSecurityContextRepository - Retrieved SecurityContextImpl [Authentication=UsernamePasswordAuthenticationToken [Principal=org.example.coursesystem.security.CustomUserDetails@695346af, Credentials=[PROTECTED], Authenticated=true, Details=WebAuthenticationDetails [RemoteIpAddress=0:0:0:0:0:0:0:1, SessionId=18D4C23C51A6752369EE77FEEF1F87B8], Granted Authorities=[ROLE_ADMIN]]]
2025-06-15 13:01:44 [http-nio-8080-exec-2] DEBUG o.s.security.web.FilterChainProxy - Secured GET /admin/students/check-student-number?studentNumber=2024001009&excludeId=
2025-06-15 13:01:44 [http-nio-8080-exec-2] DEBUG o.s.s.a.m.AuthorizationManagerBeforeMethodInterceptor - Authorizing method invocation ReflectiveMethodInvocation: public org.springframework.http.ResponseEntity org.example.coursesystem.controller.StudentController.checkStudentNumber(java.lang.String); target is of class [org.example.coursesystem.controller.StudentController]
2025-06-15 13:01:44 [http-nio-8080-exec-2] DEBUG o.s.s.a.m.AuthorizationManagerBeforeMethodInterceptor - Authorized method invocation ReflectiveMethodInvocation: public org.springframework.http.ResponseEntity org.example.coursesystem.controller.StudentController.checkStudentNumber(java.lang.String); target is of class [org.example.coursesystem.controller.StudentController]
